{
  "stats": {
    "suites": 1,
    "tests": 1,
    "passes": 0,
    "pending": 0,
    "failures": 1,
    "start": "2023-04-28T16:18:45.833Z",
    "end": "2023-04-28T16:18:52.505Z",
    "duration": 6672,
    "testsRegistered": 1,
    "passPercent": 0,
    "pendingPercent": 0,
    "other": 0,
    "hasOther": false,
    "skipped": 0,
    "hasSkipped": false
  },
  "results": [
    {
      "uuid": "d5b43654-d0e7-4f31-9bf2-6f2a47ada481",
      "title": "",
      "fullFile": "cypress\\e2e\\home.cy.ts",
      "file": "cypress\\e2e\\home.cy.ts",
      "beforeHooks": [],
      "afterHooks": [],
      "tests": [],
      "suites": [
        {
          "uuid": "cce622ed-0ef3-42de-9c63-30930fedc6d0",
          "title": "Home page",
          "fullFile": "",
          "file": "",
          "beforeHooks": [],
          "afterHooks": [],
          "tests": [
            {
              "title": "進首頁時, 應顯示熱門活動",
              "fullTitle": "Home page 進首頁時, 應顯示熱門活動",
              "timedOut": null,
              "duration": 6606,
              "state": "failed",
              "speed": null,
              "pass": false,
              "fail": true,
              "pending": false,
              "context": "{\n  \"title\": \"cypress-mochawesome-reporter-screenshots\",\n  \"value\": [\n    [\n      {\n        \"title\": \"Failed screenshot\",\n        \"value\": \"\\\\home.cy.ts\\\\Home page -- 進首頁時, 應顯示熱門活動 (failed).png\"\n      }\n    ]\n  ]\n}",
              "code": "cy.mockTrendActivityApi(_fixtures_activity_response_json__WEBPACK_IMPORTED_MODULE_2__, 200).as('activity');\ncy.get('h2').contains('熱門活動').should('exist');\ncy.wait('@activity');\ncy.get('@activity').its('response.body').should('deep.equal', _fixtures_activities_json__WEBPACK_IMPORTED_MODULE_1__);",
              "err": {
                "message": "AssertionError: Timed out retrying after 4000ms: expected { Object (maxPage, minPage, ...) } to deeply equal [ Array(1) ]",
                "estack": "AssertionError: Timed out retrying after 4000ms: expected { Object (maxPage, minPage, ...) } to deeply equal [ Array(1) ]\n    at Context.eval (webpack:///./cypress/e2e/home.cy.ts:22:45)",
                "diff": "- { maxPage: 10,\n-   minPage: 1,\n-   page: 1,\n-   per: 20,\n-   count: 200,\n-   searchResultData: \n-    [ { id: 1,\n-        title: 'Hiking in the Mountains',\n-        subTitle: 'Explore the beauty of the mountain ranges',\n-        images: [Object],\n-        tags: [Object],\n-        branches: [Object],\n-        content: 'Join us for a thrilling hike through the mountain ranges. We\\'ll explore...',\n-        connection: [Object],\n-        holder: [Object],\n-        objective: [Object],\n-        sources: [Object],\n-        trend: 5,\n-        applyFee: [Object],\n-        status: 'Open' },\n-      { id: 2,\n-        title: 'Kayaking Adventure',\n-        subTitle: null,\n-        images: null,\n-        tags: [Object],\n-        branches: [Object],\n-        content: 'Join us for an exciting kayaking adventure down the river. We\\'ll navigate through...',\n-        connection: null,\n-        holder: [Object],\n-        objective: null,\n-        sources: null,\n-        trend: 3,\n-        applyFee: null,\n-        status: 'Closed' } ] }\n+ [ { id: 1,\n+     title: 'Test Activity 1',\n+     subTitle: null,\n+     images: \n+      [ 'https://via.placeholder.com/150',\n+        'https://via.placeholder.com/250' ],\n+     tags: [ [Object], [Object] ],\n+     branches: [ [Object], [Object] ],\n+     status: '願望',\n+     fee: '$4000',\n+     content: 'This is a test activity.',\n+     connection: null,\n+     holder: null,\n+     objective: null,\n+     sources: null,\n+     trend: 3 } ]\n"
              },
              "uuid": "cd29d8ac-71fd-4b90-9252-f3f974420b55",
              "parentUUID": "cce622ed-0ef3-42de-9c63-30930fedc6d0",
              "isHook": false,
              "skipped": false
            }
          ],
          "suites": [],
          "passes": [],
          "failures": [
            "cd29d8ac-71fd-4b90-9252-f3f974420b55"
          ],
          "pending": [],
          "skipped": [],
          "duration": 6606,
          "root": false,
          "rootEmpty": false,
          "_timeout": 2000
        }
      ],
      "passes": [],
      "failures": [],
      "pending": [],
      "skipped": [],
      "duration": 0,
      "root": true,
      "rootEmpty": true,
      "_timeout": 2000
    }
  ],
  "meta": {
    "mocha": {
      "version": "7.0.1"
    },
    "mochawesome": {
      "options": {
        "quiet": false,
        "reportFilename": "mochawesome",
        "saveHtml": false,
        "saveJson": true,
        "consoleReporter": "spec",
        "useInlineDiffs": false,
        "code": true
      },
      "version": "7.1.3"
    },
    "marge": {
      "options": {
        "charts": true,
        "reportPageTitle": "測試報告",
        "embeddedScreenshots": true,
        "inlineAssets": true,
        "saveAllAttempts": false,
        "overwrite": false,
        "html": false,
        "json": true,
        "reportDir": "cypress\\reports\\html\\.jsons"
      },
      "version": "6.2.0"
    }
  }
}